{"C:\\Users\\lilyt\\Desktop\\JestCourse\\src\\arrays.js": {"path":"C:\\Users\\lilyt\\Desktop\\JestCourse\\src\\arrays.js","statementMap":{"0":{"start":{"line":3,"column":4},"end":{"line":8,"column":5}},"1":{"start":{"line":12,"column":4},"end":{"line":17,"column":5}},"2":{"start":{"line":20,"column":0},"end":{"line":20,"column":59}}},"fnMap":{"0":{"name":"carsList","decl":{"start":{"line":2,"column":9},"end":{"line":2,"column":17}},"loc":{"start":{"line":2,"column":20},"end":{"line":9,"column":1}},"line":2},"1":{"name":"brandList","decl":{"start":{"line":11,"column":9},"end":{"line":11,"column":18}},"loc":{"start":{"line":11,"column":21},"end":{"line":18,"column":1}},"line":11}},"branchMap":{},"s":{"0":3,"1":1,"2":1},"f":{"0":3,"1":1},"b":{},"_coverageSchema":"1a1c01bbd47fc00a2c39e90264f33305004495a9","hash":"c4e99e2d25db75a1e64213a9790e3d380a728f58"}
,"C:\\Users\\lilyt\\Desktop\\JestCourse\\src\\sum.js": {"path":"C:\\Users\\lilyt\\Desktop\\JestCourse\\src\\sum.js","statementMap":{"0":{"start":{"line":3,"column":4},"end":{"line":3,"column":16}},"1":{"start":{"line":6,"column":0},"end":{"line":6,"column":20}}},"fnMap":{"0":{"name":"sum","decl":{"start":{"line":2,"column":9},"end":{"line":2,"column":12}},"loc":{"start":{"line":2,"column":18},"end":{"line":4,"column":1}},"line":2}},"branchMap":{},"s":{"0":3,"1":1},"f":{"0":3},"b":{},"_coverageSchema":"1a1c01bbd47fc00a2c39e90264f33305004495a9","hash":"7ec0eff7fca6d6c35992b1204f2479af83b5ff70"}
}
